<?xml version="1.0" encoding="UTF-8"?>
<!-- Generated by org.testng.reporters.JUnitXMLReporter -->
<testsuite ignored="0" hostname="LAPTOP-G2NIDLDB" failures="0" tests="4" name="Default test" time="15.722" errors="0" timestamp="2020-09-08T11:48:12 BST">
  <testcase classname="testcases.LoginApplicationScreenShot" name="loginApplication" time="3.57"/>
  <testcase classname="testcases.LoginApplicationScreenShot" name="loginApplication" time="1.68"/>
  <testcase classname="testcases.LoginApplicationScreenShot" name="loginApplication" time="2.431"/>
  <testcase classname="testcases.LoginApplicationScreenShot" name="loginApplication" time="2.24"/>
</testsuite> <!-- Default test -->
