<?xml version="1.0" encoding="UTF-8"?>
<testng-results ignored="0" total="4" passed="4" failed="0" skipped="0">
  <reporter-output>
  </reporter-output>
  <suite started-at="2020-09-08T11:47:56 BST" name="Default suite" finished-at="2020-09-08T11:48:12 BST" duration-ms="15722">
    <groups>
    </groups>
    <test started-at="2020-09-08T11:47:56 BST" name="Default test" finished-at="2020-09-08T11:48:12 BST" duration-ms="15722">
      <class name="testcases.LoginApplicationScreenShot">
        <test-method is-config="true" signature="initialize()[pri:0, instance:testcases.LoginApplicationScreenShot@1e802ef9]" started-at="2020-09-08T11:47:56 BST" name="initialize" finished-at="2020-09-08T11:48:01 BST" duration-ms="4996" status="PASS">
          <reporter-output>
          </reporter-output>
        </test-method> <!-- initialize -->
        <test-method signature="loginApplication(java.lang.String, java.lang.String)[pri:0, instance:testcases.LoginApplicationScreenShot@1e802ef9]" started-at="2020-09-08T11:48:01 BST" name="loginApplication" data-provider="loginInfo" finished-at="2020-09-08T11:48:05 BST" duration-ms="3570" status="PASS">
          <params>
            <param index="0">
              <value>
                <![CDATA[mngr279461]]>
              </value>
            </param>
            <param index="1">
              <value>
                <![CDATA[ytedygA]]>
              </value>
            </param>
          </params>
          <reporter-output>
          </reporter-output>
        </test-method> <!-- loginApplication -->
        <test-method signature="loginApplication(java.lang.String, java.lang.String)[pri:0, instance:testcases.LoginApplicationScreenShot@1e802ef9]" started-at="2020-09-08T11:48:05 BST" name="loginApplication" data-provider="loginInfo" finished-at="2020-09-08T11:48:07 BST" duration-ms="1680" status="PASS">
          <params>
            <param index="0">
              <value>
                <![CDATA[mngr279461]]>
              </value>
            </param>
            <param index="1">
              <value>
                <![CDATA[ytedyg]]>
              </value>
            </param>
          </params>
          <reporter-output>
          </reporter-output>
        </test-method> <!-- loginApplication -->
        <test-method signature="loginApplication(java.lang.String, java.lang.String)[pri:0, instance:testcases.LoginApplicationScreenShot@1e802ef9]" started-at="2020-09-08T11:48:07 BST" name="loginApplication" data-provider="loginInfo" finished-at="2020-09-08T11:48:09 BST" duration-ms="2431" status="PASS">
          <params>
            <param index="0">
              <value>
                <![CDATA[mngr27946]]>
              </value>
            </param>
            <param index="1">
              <value>
                <![CDATA[ytedygA]]>
              </value>
            </param>
          </params>
          <reporter-output>
          </reporter-output>
        </test-method> <!-- loginApplication -->
        <test-method signature="loginApplication(java.lang.String, java.lang.String)[pri:0, instance:testcases.LoginApplicationScreenShot@1e802ef9]" started-at="2020-09-08T11:48:09 BST" name="loginApplication" data-provider="loginInfo" finished-at="2020-09-08T11:48:11 BST" duration-ms="2240" status="PASS">
          <params>
            <param index="0">
              <value>
                <![CDATA[mngr27946]]>
              </value>
            </param>
            <param index="1">
              <value>
                <![CDATA[ytedyg]]>
              </value>
            </param>
          </params>
          <reporter-output>
          </reporter-output>
        </test-method> <!-- loginApplication -->
        <test-method is-config="true" signature="tearDown()[pri:0, instance:testcases.LoginApplicationScreenShot@1e802ef9]" started-at="2020-09-08T11:48:11 BST" name="tearDown" finished-at="2020-09-08T11:48:12 BST" duration-ms="722" status="PASS">
          <reporter-output>
          </reporter-output>
        </test-method> <!-- tearDown -->
      </class> <!-- testcases.LoginApplicationScreenShot -->
    </test> <!-- Default test -->
  </suite> <!-- Default suite -->
</testng-results>
